Using pre-set license
Built from '2020.3/staging' branch; Version is '2020.3.9f1 (108be757e447) revision 1084391'; Using compiler version '192528614'; Build Type 'Release'
OS: 'Windows 10 Home Single Language; OS build 19042.985; Version 2009; 64bit' Language: 'en' Physical Memory: 8099 MB
BatchMode: 1, IsHumanControllingUs: 0, StartBugReporterOnCrash: 0, Is64bit: 1, IsPro: 0

 COMMAND LINE ARGUMENTS:
C:\Program Files\Unity\Editor\Unity.exe
-adb2
-batchMode
-noUpm
-name
AssetImportWorker0
-projectPath
D:/Study/SnT/GameDev/Dr.Madman/Game
-logFile
Logs/AssetImportWorker0.log
-srvPort
57367
Successfully changed project path to: D:/Study/SnT/GameDev/Dr.Madman/Game
D:/Study/SnT/GameDev/Dr.Madman/Game
Using Asset Import Pipeline V2.
Refreshing native plugins compatible for Editor in 31.83 ms, found 0 plugins.
Preloading 0 native plugins for Editor in 0.00 ms.
Initialize engine version: 2020.3.9f1 (108be757e447)
[Subsystems] Discovering subsystems at path C:/Program Files/Unity/Editor/Data/Resources/UnitySubsystems
[Subsystems] Discovering subsystems at path D:/Study/SnT/GameDev/Dr.Madman/Game/Assets
GfxDevice: creating device client; threaded=0
Direct3D:
    Version:  Direct3D 11.0 [level 11.1]
    Renderer: NVIDIA GeForce GTX 1650 (ID=0x1f99)
    Vendor:   
    VRAM:     3962 MB
    Driver:   27.21.14.5256
Initialize mono
Mono path[0] = 'C:/Program Files/Unity/Editor/Data/Managed'
Mono path[1] = 'C:/Program Files/Unity/Editor/Data/MonoBleedingEdge/lib/mono/unityjit'
Mono config path = 'C:/Program Files/Unity/Editor/Data/MonoBleedingEdge/etc'
Using monoOptions --debugger-agent=transport=dt_socket,embedding=1,server=y,suspend=n,address=127.0.0.1:56516
Begin MonoManager ReloadAssembly
Registering precompiled unity dll's ...
Register platform support module: C:/Program Files/Unity/Editor/Data/PlaybackEngines/WindowsStandaloneSupport/UnityEditor.WindowsStandalone.Extensions.dll
Registered in 0.001783 seconds.
Native extension for WindowsStandalone target not found
Refreshing native plugins compatible for Editor in 29.04 ms, found 0 plugins.
Preloading 0 native plugins for Editor in 0.00 ms.
Mono: successfully reloaded assembly
- Completed reload, in  0.803 seconds
Platform modules already initialized, skipping
Registering precompiled user dll's ...
Registered in 0.000963 seconds.
Begin MonoManager ReloadAssembly
Native extension for WindowsStandalone target not found
Refreshing native plugins compatible for Editor in 0.18 ms, found 0 plugins.
Preloading 0 native plugins for Editor in 0.00 ms.
Mono: successfully reloaded assembly
- Completed reload, in  0.676 seconds
Platform modules already initialized, skipping
========================================================================
Worker process is ready to serve import requests
Launched and connected shader compiler UnityShaderCompiler.exe after 0.06 seconds
Refreshing native plugins compatible for Editor in 0.19 ms, found 0 plugins.
Preloading 0 native plugins for Editor in 0.00 ms.
Unloading 1115 Unused Serialized files (Serialized files now loaded: 0)
System memory in use before: 57.1 MB.
System memory in use after: 57.2 MB.

Unloading 10 unused Assets to reduce memory usage. Loaded Objects now: 1557.
Total: 1.354200 ms (FindLiveObjects: 0.109800 ms CreateObjectMapping: 0.030800 ms MarkObjects: 1.119400 ms  DeleteObjects: 0.093600 ms)

========================================================================
Received Import Request.
  path: Assets
  artifactKey: Guid(00000000000000001000000000000000) Importer(815301076,1909f56bfc062723c751e8b465ee728b)
Start importing Assets using Guid(00000000000000001000000000000000) Importer(815301076,1909f56bfc062723c751e8b465ee728b)  -> (artifact id: '42d402b061de3733987d63b9cc3b64de') in 0.005703 seconds
  Import took 0.017634 seconds .

========================================================================
Received Import Request.
  Time since last request: 106.370318 seconds.
  path: Assets/Objects
  artifactKey: Guid(1b6640c41d6a26e4baefaa64212ed269) Importer(815301076,1909f56bfc062723c751e8b465ee728b)
Start importing Assets/Objects using Guid(1b6640c41d6a26e4baefaa64212ed269) Importer(815301076,1909f56bfc062723c751e8b465ee728b)  -> (artifact id: 'cf3fa485e46f31329e904949134bf62c') in 0.006094 seconds
  Import took 0.008366 seconds .

========================================================================
Received Import Request.
  Time since last request: 0.160790 seconds.
  path: Assets/Objects/room.fbx
  artifactKey: Guid(1a4aacd20018b1c4b8d848f6c9ca441c) Importer(815301076,1909f56bfc062723c751e8b465ee728b)
Start importing Assets/Objects/room.fbx using Guid(1a4aacd20018b1c4b8d848f6c9ca441c) Importer(815301076,1909f56bfc062723c751e8b465ee728b)  -> (artifact id: 'd49d7916627213adf5763ea537b1cfd4') in 0.263317 seconds
  Import took 0.289101 seconds .

========================================================================
Received Import Request.
  Time since last request: 59.593830 seconds.
  path: Assets/Scrpits
  artifactKey: Guid(67dc38626a1a3db45a8907ad976ef4f6) Importer(815301076,1909f56bfc062723c751e8b465ee728b)
Start importing Assets/Scrpits using Guid(67dc38626a1a3db45a8907ad976ef4f6) Importer(815301076,1909f56bfc062723c751e8b465ee728b)  -> (artifact id: 'a783a353ac6ce6db5fb1f5ed9fe7fd68') in 0.006267 seconds
  Import took 0.104769 seconds .

========================================================================
Received Import Request.
  Time since last request: 18.935569 seconds.
  path: Assets/Scrpits/PlayerMovements.cs
  artifactKey: Guid(467b1beae9a90654db50c9d85261f1c6) Importer(815301076,1909f56bfc062723c751e8b465ee728b)
Start importing Assets/Scrpits/PlayerMovements.cs using Guid(467b1beae9a90654db50c9d85261f1c6) Importer(815301076,1909f56bfc062723c751e8b465ee728b)  -> (artifact id: '6c7f7dd777be3af885d4272e831c22ca') in 0.009492 seconds
  Import took 0.022585 seconds .

========================================================================
Received Prepare
Registering precompiled user dll's ...
Registered in 0.000933 seconds.
Begin MonoManager ReloadAssembly
Native extension for WindowsStandalone target not found
Refreshing native plugins compatible for Editor in 0.19 ms, found 0 plugins.
Preloading 0 native plugins for Editor in 0.00 ms.
Mono: successfully reloaded assembly
- Completed reload, in  0.774 seconds
Platform modules already initialized, skipping
Refreshing native plugins compatible for Editor in 0.20 ms, found 0 plugins.
Preloading 0 native plugins for Editor in 0.00 ms.
Unloading 1111 Unused Serialized files (Serialized files now loaded: 0)
System memory in use before: 60.4 MB.
System memory in use after: 60.5 MB.

Unloading 6 unused Assets to reduce memory usage. Loaded Objects now: 1571.
Total: 1.890900 ms (FindLiveObjects: 0.181500 ms CreateObjectMapping: 0.048000 ms MarkObjects: 1.546200 ms  DeleteObjects: 0.094700 ms)

========================================================================
Received Prepare
Registering precompiled user dll's ...
Registered in 0.000834 seconds.
Begin MonoManager ReloadAssembly
Native extension for WindowsStandalone target not found
Refreshing native plugins compatible for Editor in 0.18 ms, found 0 plugins.
Preloading 0 native plugins for Editor in 0.00 ms.
Mono: successfully reloaded assembly
- Completed reload, in  0.726 seconds
Platform modules already initialized, skipping
Refreshing native plugins compatible for Editor in 0.17 ms, found 0 plugins.
Preloading 0 native plugins for Editor in 0.00 ms.
Unloading 1111 Unused Serialized files (Serialized files now loaded: 0)
System memory in use before: 60.4 MB.
System memory in use after: 60.5 MB.

Unloading 5 unused Assets to reduce memory usage. Loaded Objects now: 1574.
Total: 1.702100 ms (FindLiveObjects: 0.123300 ms CreateObjectMapping: 0.031500 ms MarkObjects: 1.509500 ms  DeleteObjects: 0.036800 ms)

========================================================================
Received Import Request.
  Time since last request: 295.497691 seconds.
  path: Assets/Scrpits/PlayerMovements.cs
  artifactKey: Guid(467b1beae9a90654db50c9d85261f1c6) Importer(815301076,1909f56bfc062723c751e8b465ee728b)
Start importing Assets/Scrpits/PlayerMovements.cs using Guid(467b1beae9a90654db50c9d85261f1c6) Importer(815301076,1909f56bfc062723c751e8b465ee728b)  -> (artifact id: 'ca1c3dfda781fe91233cb3787be046fc') in 0.007019 seconds
  Import took 0.010921 seconds .

========================================================================
Received Prepare
Registering precompiled user dll's ...
Registered in 0.001160 seconds.
Begin MonoManager ReloadAssembly
Native extension for WindowsStandalone target not found
Refreshing native plugins compatible for Editor in 0.22 ms, found 0 plugins.
Preloading 0 native plugins for Editor in 0.00 ms.
Mono: successfully reloaded assembly
- Completed reload, in  0.677 seconds
Platform modules already initialized, skipping
Refreshing native plugins compatible for Editor in 0.20 ms, found 0 plugins.
Preloading 0 native plugins for Editor in 0.00 ms.
Unloading 1111 Unused Serialized files (Serialized files now loaded: 0)
System memory in use before: 60.4 MB.
System memory in use after: 60.5 MB.

Unloading 5 unused Assets to reduce memory usage. Loaded Objects now: 1577.
Total: 2.017500 ms (FindLiveObjects: 0.298800 ms CreateObjectMapping: 0.036400 ms MarkObjects: 1.607800 ms  DeleteObjects: 0.073500 ms)

AssetImportWorkerClient::OnTransportError - code=2 error=End of file
