Using pre-set license
Built from '2020.3/staging' branch; Version is '2020.3.9f1 (108be757e447) revision 1084391'; Using compiler version '192528614'; Build Type 'Release'
OS: 'Windows 10 Home Single Language; OS build 22000.100; Version 2009; 64bit' Language: 'en' Physical Memory: 7959 MB
BatchMode: 1, IsHumanControllingUs: 0, StartBugReporterOnCrash: 0, Is64bit: 1, IsPro: 0

 COMMAND LINE ARGUMENTS:
C:\Program Files\Unity\Editor\Unity.exe
-adb2
-batchMode
-noUpm
-name
AssetImportWorker0
-projectPath
C:/Users/dell/Project/Dr.Madman
-logFile
Logs/AssetImportWorker0.log
-srvPort
64634
Successfully changed project path to: C:/Users/dell/Project/Dr.Madman
C:/Users/dell/Project/Dr.Madman
Using Asset Import Pipeline V2.
Refreshing native plugins compatible for Editor in 191.47 ms, found 0 plugins.
Preloading 0 native plugins for Editor in 0.00 ms.
Initialize engine version: 2020.3.9f1 (108be757e447)
[Subsystems] Discovering subsystems at path C:/Program Files/Unity/Editor/Data/Resources/UnitySubsystems
[Subsystems] Discovering subsystems at path C:/Users/dell/Project/Dr.Madman/Assets
GfxDevice: creating device client; threaded=0
Direct3D:
    Version:  Direct3D 11.0 [level 11.1]
    Renderer: NVIDIA GeForce MX330 (ID=0x1d16)
    Vendor:   
    VRAM:     1983 MB
    Driver:   27.21.14.6231
Initialize mono
Mono path[0] = 'C:/Program Files/Unity/Editor/Data/Managed'
Mono path[1] = 'C:/Program Files/Unity/Editor/Data/MonoBleedingEdge/lib/mono/unityjit'
Mono config path = 'C:/Program Files/Unity/Editor/Data/MonoBleedingEdge/etc'
Using monoOptions --debugger-agent=transport=dt_socket,embedding=1,server=y,suspend=n,address=127.0.0.1:56788
Begin MonoManager ReloadAssembly
Registering precompiled unity dll's ...
Register platform support module: C:/Program Files/Unity/Editor/Data/PlaybackEngines/WindowsStandaloneSupport/UnityEditor.WindowsStandalone.Extensions.dll
Registered in 0.004031 seconds.
Native extension for WindowsStandalone target not found
Refreshing native plugins compatible for Editor in 74.60 ms, found 0 plugins.
Preloading 0 native plugins for Editor in 0.00 ms.
Mono: successfully reloaded assembly
- Completed reload, in  3.714 seconds
Platform modules already initialized, skipping
Registering precompiled user dll's ...
Registered in 0.001792 seconds.
Begin MonoManager ReloadAssembly
Native extension for WindowsStandalone target not found
Refreshing native plugins compatible for Editor in 1.31 ms, found 0 plugins.
Preloading 0 native plugins for Editor in 0.00 ms.
Mono: successfully reloaded assembly
- Completed reload, in  3.713 seconds
Platform modules already initialized, skipping
========================================================================
Worker process is ready to serve import requests
Launched and connected shader compiler UnityShaderCompiler.exe after 0.13 seconds
Refreshing native plugins compatible for Editor in 1.11 ms, found 0 plugins.
Preloading 0 native plugins for Editor in 0.00 ms.
Unloading 1291 Unused Serialized files (Serialized files now loaded: 0)
System memory in use before: 71.8 MB.
System memory in use after: 71.8 MB.

Unloading 11 unused Assets to reduce memory usage. Loaded Objects now: 1749.
Total: 3.607100 ms (FindLiveObjects: 0.286800 ms CreateObjectMapping: 0.095800 ms MarkObjects: 3.001800 ms  DeleteObjects: 0.220000 ms)

========================================================================
Received Import Request.
  path: Assets/Models
  artifactKey: Guid(0312906fb6a2d904eac564f47476e430) Importer(815301076,1909f56bfc062723c751e8b465ee728b)
Start importing Assets/Models using Guid(0312906fb6a2d904eac564f47476e430) Importer(815301076,1909f56bfc062723c751e8b465ee728b)  -> (artifact id: 'f015730407eb74f58da5200ad63d53c2') in 0.022803 seconds
  Import took 0.028477 seconds .

========================================================================
Received Import Request.
  Time since last request: 47.563600 seconds.
  path: Assets/Models/chemical 1.fbx
  artifactKey: Guid(5a51fd495e009ab4fa42226be3e2b7a1) Importer(815301076,1909f56bfc062723c751e8b465ee728b)
Start importing Assets/Models/chemical 1.fbx using Guid(5a51fd495e009ab4fa42226be3e2b7a1) Importer(815301076,1909f56bfc062723c751e8b465ee728b)  -> (artifact id: '60456f8f9e77414374bbef43c4deb1b9') in 0.872248 seconds
  Import took 0.882285 seconds .

========================================================================
Received Import Request.
  Time since last request: 0.001222 seconds.
  path: Assets/Models/chemical.fbx
  artifactKey: Guid(8419a2f38bcdc064d9aa747e12200020) Importer(815301076,1909f56bfc062723c751e8b465ee728b)
Start importing Assets/Models/chemical.fbx using Guid(8419a2f38bcdc064d9aa747e12200020) Importer(815301076,1909f56bfc062723c751e8b465ee728b)  -> (artifact id: '7ff3921325d3c360b6d410f15560eaaf') in 0.214532 seconds
  Import took 0.227750 seconds .

AssetImportWorkerClient::OnTransportError - code=2 error=End of file
